# JRE version: 7.0_17-b02
# Java VM: Java HotSpot(TM) Client VM (23.7-b01 mixed mode, sharing windows-x86 )
Heap
 def new generation   total 16256K, used 11310K [0x24280000, 0x25420000, 0x297d0000)
  eden space 14464K,  78% used [0x24280000, 0x24d8b870, 0x250a0000)
  from space 1792K,   0% used [0x250a0000, 0x250a0000, 0x25260000)
  to   space 1792K,   0% used [0x25260000, 0x25260000, 0x25420000)
 tenured generation   total 36024K, used 21612K [0x297d0000, 0x2bafe000, 0x34280000)
   the space 36024K,  59% used [0x297d0000, 0x2aceb2f0, 0x2aceb400, 0x2bafe000)
 compacting perm gen  total 12288K, used 1406K [0x34280000, 0x34e80000, 0x38280000)
   the space 12288K,  11% used [0x34280000, 0x343df830, 0x343dfa00, 0x34e80000)
    ro space 10240K,  45% used [0x38280000, 0x387073d8, 0x38707400, 0x38c80000)
    rw space 12288K,  54% used [0x38c80000, 0x3930acc8, 0x3930ae00, 0x39880000)
GC Heap History (10 events):
Event: 0.192 GC heap before
{Heap before GC invocations=1 (full 0):
 def new generation   total 4928K, used 4618K [0x24280000, 0x247d0000, 0x297d0000)
  eden space 4416K,  92% used [0x24280000, 0x24682b50, 0x246d0000)
  from space 512K, 100% used [0x24750000, 0x247d0000, 0x247d0000)
  to   space 512K,   0% used [0x246d0000, 0x246d0000, 0x24750000)
 tenured generation   total 10944K, used 1045K [0x297d0000, 0x2a280000, 0x34280000)
   the space 10944K,   9% used [0x297d0000, 0x298d5418, 0x298d5600, 0x2a280000)
 compacting perm gen  total 12288K, used 569K [0x34280000, 0x34e80000, 0x38280000)
   the space 12288K,   4% used [0x34280000, 0x3430e578, 0x3430e600, 0x34e80000)
    ro space 10240K,  45% used [0x38280000, 0x387073d8, 0x38707400, 0x38c80000)
    rw space 12288K,  54% used [0x38c80000, 0x3930acc8, 0x3930ae00, 0x39880000)
Event: 0.196 GC heap after
Heap after GC invocations=2 (full 0):
 def new generation   total 4928K, used 512K [0x24280000, 0x247d0000, 0x297d0000)
  eden space 4416K,   0% used [0x24280000, 0x24280000, 0x246d0000)
  from space 512K, 100% used [0x246d0000, 0x24750000, 0x24750000)
  to   space 512K,   0% used [0x24750000, 0x24750000, 0x247d0000)
 tenured generation   total 10944K, used 2601K [0x297d0000, 0x2a280000, 0x34280000)
   the space 10944K,  23% used [0x297d0000, 0x29a5a690, 0x29a5a800, 0x2a280000)
 compacting perm gen  total 12288K, used 569K [0x34280000, 0x34e80000, 0x38280000)
   the space 12288K,   4% used [0x34280000, 0x3430e578, 0x3430e600, 0x34e80000)
    ro space 10240K,  45% used [0x38280000, 0x387073d8, 0x38707400, 0x38c80000)
    rw space 12288K,  54% used [0x38c80000, 0x3930acc8, 0x3930ae00, 0x39880000)
}
Event: 0.243 GC heap before
{Heap before GC invocations=2 (full 0):
 def new generation   total 4928K, used 4924K [0x24280000, 0x247d0000, 0x297d0000)
  eden space 4416K,  99% used [0x24280000, 0x246cf2e8, 0x246d0000)
  from space 512K, 100% used [0x246d0000, 0x24750000, 0x24750000)
  to   space 512K,   0% used [0x24750000, 0x24750000, 0x247d0000)
 tenured generation   total 10944K, used 8673K [0x297d0000, 0x2a280000, 0x34280000)
   the space 10944K,  79% used [0x297d0000, 0x2a0486a0, 0x2a048800, 0x2a280000)
 compacting perm gen  total 12288K, used 569K [0x34280000, 0x34e80000, 0x38280000)
   the space 12288K,   4% used [0x34280000, 0x3430e5a8, 0x3430e600, 0x34e80000)
    ro space 10240K,  45% used [0x38280000, 0x387073d8, 0x38707400, 0x38c80000)
    rw space 12288K,  54% used [0x38c80000, 0x3930acc8, 0x3930ae00, 0x39880000)
Event: 0.262 GC heap after
Heap after GC invocations=3 (full 1):
 def new generation   total 9536K, used 0K [0x24280000, 0x24cd0000, 0x297d0000)
  eden space 8512K,   0% used [0x24280000, 0x24280000, 0x24ad0000)
  from space 1024K,   0% used [0x24ad0000, 0x24ad0000, 0x24bd0000)
  to   space 1024K,   0% used [0x24bd0000, 0x24bd0000, 0x24cd0000)
 tenured generation   total 21000K, used 12598K [0x297d0000, 0x2ac52000, 0x34280000)
   the space 21000K,  59% used [0x297d0000, 0x2a41db08, 0x2a41dc00, 0x2ac52000)
 compacting perm gen  total 12288K, used 569K [0x34280000, 0x34e80000, 0x38280000)
   the space 12288K,   4% used [0x34280000, 0x3430e5a8, 0x3430e600, 0x34e80000)
    ro space 10240K,  45% used [0x38280000, 0x387073d8, 0x38707400, 0x38c80000)
    rw space 12288K,  54% used [0x38c80000, 0x3930acc8, 0x3930ae00, 0x39880000)
}
Event: 0.362 GC heap before
{Heap before GC invocations=3 (full 1):
 def new generation   total 9536K, used 8330K [0x24280000, 0x24cd0000, 0x297d0000)
  eden space 8512K,  97% used [0x24280000, 0x24aa2870, 0x24ad0000)
  from space 1024K,   0% used [0x24ad0000, 0x24ad0000, 0x24bd0000)
  to   space 1024K,   0% used [0x24bd0000, 0x24bd0000, 0x24cd0000)
 tenured generation   total 21000K, used 12598K [0x297d0000, 0x2ac52000, 0x34280000)
   the space 21000K,  59% used [0x297d0000, 0x2a41db08, 0x2a41dc00, 0x2ac52000)
 compacting perm gen  total 12288K, used 569K [0x34280000, 0x34e80000, 0x38280000)
   the space 12288K,   4% used [0x34280000, 0x3430e5c8, 0x3430e600, 0x34e80000)
    ro space 10240K,  45% used [0x38280000, 0x387073d8, 0x38707400, 0x38c80000)
    rw space 12288K,  54% used [0x38c80000, 0x3930acc8, 0x3930ae00, 0x39880000)
Event: 0.364 GC heap after
Heap after GC invocations=4 (full 1):
 def new generation   total 9536K, used 1024K [0x24280000, 0x24cd0000, 0x297d0000)
  eden space 8512K,   0% used [0x24280000, 0x24280000, 0x24ad0000)
  from space 1024K, 100% used [0x24bd0000, 0x24cd0000, 0x24cd0000)
  to   space 1024K,   0% used [0x24ad0000, 0x24ad0000, 0x24bd0000)
 tenured generation   total 21000K, used 12777K [0x297d0000, 0x2ac52000, 0x34280000)
   the space 21000K,  60% used [0x297d0000, 0x2a44a748, 0x2a44a800, 0x2ac52000)
 compacting perm gen  total 12288K, used 569K [0x34280000, 0x34e80000, 0x38280000)
   the space 12288K,   4% used [0x34280000, 0x3430e5c8, 0x3430e600, 0x34e80000)
    ro space 10240K,  45% used [0x38280000, 0x387073d8, 0x38707400, 0x38c80000)
    rw space 12288K,  54% used [0x38c80000, 0x3930acc8, 0x3930ae00, 0x39880000)
}
Event: 0.435 GC heap before
{Heap before GC invocations=4 (full 1):
 def new generation   total 9536K, used 9536K [0x24280000, 0x24cd0000, 0x297d0000)
  eden space 8512K, 100% used [0x24280000, 0x24ad0000, 0x24ad0000)
  from space 1024K, 100% used [0x24bd0000, 0x24cd0000, 0x24cd0000)
  to   space 1024K,   0% used [0x24ad0000, 0x24ad0000, 0x24bd0000)
 tenured generation   total 21000K, used 12777K [0x297d0000, 0x2ac52000, 0x34280000)
   the space 21000K,  60% used [0x297d0000, 0x2a44a748, 0x2a44a800, 0x2ac52000)
 compacting perm gen  total 12288K, used 569K [0x34280000, 0x34e80000, 0x38280000)
   the space 12288K,   4% used [0x34280000, 0x3430e5c8, 0x3430e600, 0x34e80000)
    ro space 10240K,  45% used [0x38280000, 0x387073d8, 0x38707400, 0x38c80000)
    rw space 12288K,  54% used [0x38c80000, 0x3930acc8, 0x3930ae00, 0x39880000)
Event: 0.440 GC heap after
Heap after GC invocations=5 (full 1):
 def new generation   total 9536K, used 1024K [0x24280000, 0x24cd0000, 0x297d0000)
  eden space 8512K,   0% used [0x24280000, 0x24280000, 0x24ad0000)
  from space 1024K, 100% used [0x24ad0000, 0x24bd0000, 0x24bd0000)
  to   space 1024K,   0% used [0x24bd0000, 0x24bd0000, 0x24cd0000)
 tenured generation   total 21000K, used 17485K [0x297d0000, 0x2ac52000, 0x34280000)
   the space 21000K,  83% used [0x297d0000, 0x2a8e37f0, 0x2a8e3800, 0x2ac52000)
 compacting perm gen  total 12288K, used 569K [0x34280000, 0x34e80000, 0x38280000)
   the space 12288K,   4% used [0x34280000, 0x3430e5c8, 0x3430e600, 0x34e80000)
    ro space 10240K,  45% used [0x38280000, 0x387073d8, 0x38707400, 0x38c80000)
    rw space 12288K,  54% used [0x38c80000, 0x3930acc8, 0x3930ae00, 0x39880000)
}
Event: 0.527 GC heap before
{Heap before GC invocations=5 (full 1):
 def new generation   total 9536K, used 9498K [0x24280000, 0x24cd0000, 0x297d0000)
  eden space 8512K,  99% used [0x24280000, 0x24ac6b60, 0x24ad0000)
  from space 1024K, 100% used [0x24ad0000, 0x24bd0000, 0x24bd0000)
  to   space 1024K,   0% used [0x24bd0000, 0x24bd0000, 0x24cd0000)
 tenured generation   total 21000K, used 17485K [0x297d0000, 0x2ac52000, 0x34280000)
   the space 21000K,  83% used [0x297d0000, 0x2a8e37f0, 0x2a8e3800, 0x2ac52000)
 compacting perm gen  total 12288K, used 569K [0x34280000, 0x34e80000, 0x38280000)
   the space 12288K,   4% used [0x34280000, 0x3430e638, 0x3430e800, 0x34e80000)
    ro space 10240K,  45% used [0x38280000, 0x387073d8, 0x38707400, 0x38c80000)
    rw space 12288K,  54% used [0x38c80000, 0x3930acc8, 0x3930ae00, 0x39880000)
Event: 0.544 GC heap after
Heap after GC invocations=6 (full 2):
 def new generation   total 16256K, used 969K [0x24280000, 0x25420000, 0x297d0000)
  eden space 14464K,   6% used [0x24280000, 0x24372420, 0x250a0000)
  from space 1792K,   0% used [0x250a0000, 0x250a0000, 0x25260000)
  to   space 1792K,   0% used [0x25260000, 0x25260000, 0x25420000)
 tenured generation   total 36024K, used 21612K [0x297d0000, 0x2bafe000, 0x34280000)
   the space 36024K,  59% used [0x297d0000, 0x2aceb2f0, 0x2aceb400, 0x2bafe000)
 compacting perm gen  total 12288K, used 569K [0x34280000, 0x34e80000, 0x38280000)
   the space 12288K,   4% used [0x34280000, 0x3430e638, 0x3430e800, 0x34e80000)
    ro space 10240K,  45% used [0x38280000, 0x387073d8, 0x38707400, 0x38c80000)
    rw space 12288K,  54% used [0x38c80000, 0x3930acc8, 0x3930ae00, 0x39880000)
}

