# JRE version: 7.0_17-b02
# Java VM: Java HotSpot(TM) Client VM (23.7-b01 mixed mode, sharing windows-x86 )
Heap
 def new generation   total 16256K, used 11920K [0x24280000, 0x25420000, 0x297d0000)
  eden space 14464K,  82% used [0x24280000, 0x24e24330, 0x250a0000)
  from space 1792K,   0% used [0x250a0000, 0x250a0000, 0x25260000)
  to   space 1792K,   0% used [0x25260000, 0x25260000, 0x25420000)
 tenured generation   total 36020K, used 21611K [0x297d0000, 0x2bafd000, 0x34280000)
   the space 36020K,  59% used [0x297d0000, 0x2aceafa0, 0x2aceb000, 0x2bafd000)
 compacting perm gen  total 12288K, used 1710K [0x34280000, 0x34e80000, 0x38280000)
   the space 12288K,  13% used [0x34280000, 0x3442b938, 0x3442ba00, 0x34e80000)
    ro space 10240K,  45% used [0x38280000, 0x387073d8, 0x38707400, 0x38c80000)
    rw space 12288K,  54% used [0x38c80000, 0x3930acc8, 0x3930ae00, 0x39880000)
GC Heap History (10 events):
Event: 0.178 GC heap before
{Heap before GC invocations=1 (full 0):
 def new generation   total 4928K, used 4405K [0x24280000, 0x247d0000, 0x297d0000)
  eden space 4416K,  88% used [0x24280000, 0x2464d7c0, 0x246d0000)
  from space 512K, 100% used [0x24750000, 0x247d0000, 0x247d0000)
  to   space 512K,   0% used [0x246d0000, 0x246d0000, 0x24750000)
 tenured generation   total 10944K, used 1190K [0x297d0000, 0x2a280000, 0x34280000)
   the space 10944K,  10% used [0x297d0000, 0x298f9b40, 0x298f9c00, 0x2a280000)
 compacting perm gen  total 12288K, used 567K [0x34280000, 0x34e80000, 0x38280000)
   the space 12288K,   4% used [0x34280000, 0x3430df20, 0x3430e000, 0x34e80000)
    ro space 10240K,  45% used [0x38280000, 0x387073d8, 0x38707400, 0x38c80000)
    rw space 12288K,  54% used [0x38c80000, 0x3930acc8, 0x3930ae00, 0x39880000)
Event: 0.181 GC heap after
Heap after GC invocations=2 (full 0):
 def new generation   total 4928K, used 512K [0x24280000, 0x247d0000, 0x297d0000)
  eden space 4416K,   0% used [0x24280000, 0x24280000, 0x246d0000)
  from space 512K, 100% used [0x246d0000, 0x24750000, 0x24750000)
  to   space 512K,   0% used [0x24750000, 0x24750000, 0x247d0000)
 tenured generation   total 10944K, used 2600K [0x297d0000, 0x2a280000, 0x34280000)
   the space 10944K,  23% used [0x297d0000, 0x29a5a298, 0x29a5a400, 0x2a280000)
 compacting perm gen  total 12288K, used 567K [0x34280000, 0x34e80000, 0x38280000)
   the space 12288K,   4% used [0x34280000, 0x3430df20, 0x3430e000, 0x34e80000)
    ro space 10240K,  45% used [0x38280000, 0x387073d8, 0x38707400, 0x38c80000)
    rw space 12288K,  54% used [0x38c80000, 0x3930acc8, 0x3930ae00, 0x39880000)
}
Event: 0.223 GC heap before
{Heap before GC invocations=2 (full 0):
 def new generation   total 4928K, used 4928K [0x24280000, 0x247d0000, 0x297d0000)
  eden space 4416K, 100% used [0x24280000, 0x246d0000, 0x246d0000)
  from space 512K, 100% used [0x246d0000, 0x24750000, 0x24750000)
  to   space 512K,   0% used [0x24750000, 0x24750000, 0x247d0000)
 tenured generation   total 10944K, used 8672K [0x297d0000, 0x2a280000, 0x34280000)
   the space 10944K,  79% used [0x297d0000, 0x2a0482a8, 0x2a048400, 0x2a280000)
 compacting perm gen  total 12288K, used 567K [0x34280000, 0x34e80000, 0x38280000)
   the space 12288K,   4% used [0x34280000, 0x3430df50, 0x3430e000, 0x34e80000)
    ro space 10240K,  45% used [0x38280000, 0x387073d8, 0x38707400, 0x38c80000)
    rw space 12288K,  54% used [0x38c80000, 0x3930acc8, 0x3930ae00, 0x39880000)
Event: 0.238 GC heap after
Heap after GC invocations=3 (full 1):
 def new generation   total 9536K, used 0K [0x24280000, 0x24cd0000, 0x297d0000)
  eden space 8512K,   0% used [0x24280000, 0x24280000, 0x24ad0000)
  from space 1024K,   0% used [0x24ad0000, 0x24ad0000, 0x24bd0000)
  to   space 1024K,   0% used [0x24bd0000, 0x24bd0000, 0x24cd0000)
 tenured generation   total 21000K, used 12597K [0x297d0000, 0x2ac52000, 0x34280000)
   the space 21000K,  59% used [0x297d0000, 0x2a41d710, 0x2a41d800, 0x2ac52000)
 compacting perm gen  total 12288K, used 567K [0x34280000, 0x34e80000, 0x38280000)
   the space 12288K,   4% used [0x34280000, 0x3430df50, 0x3430e000, 0x34e80000)
    ro space 10240K,  45% used [0x38280000, 0x387073d8, 0x38707400, 0x38c80000)
    rw space 12288K,  54% used [0x38c80000, 0x3930acc8, 0x3930ae00, 0x39880000)
}
Event: 0.327 GC heap before
{Heap before GC invocations=3 (full 1):
 def new generation   total 9536K, used 8167K [0x24280000, 0x24cd0000, 0x297d0000)
  eden space 8512K,  95% used [0x24280000, 0x24a79e10, 0x24ad0000)
  from space 1024K,   0% used [0x24ad0000, 0x24ad0000, 0x24bd0000)
  to   space 1024K,   0% used [0x24bd0000, 0x24bd0000, 0x24cd0000)
 tenured generation   total 21000K, used 12597K [0x297d0000, 0x2ac52000, 0x34280000)
   the space 21000K,  59% used [0x297d0000, 0x2a41d710, 0x2a41d800, 0x2ac52000)
 compacting perm gen  total 12288K, used 567K [0x34280000, 0x34e80000, 0x38280000)
   the space 12288K,   4% used [0x34280000, 0x3430df60, 0x3430e000, 0x34e80000)
    ro space 10240K,  45% used [0x38280000, 0x387073d8, 0x38707400, 0x38c80000)
    rw space 12288K,  54% used [0x38c80000, 0x3930acc8, 0x3930ae00, 0x39880000)
Event: 0.329 GC heap after
Heap after GC invocations=4 (full 1):
 def new generation   total 9536K, used 1023K [0x24280000, 0x24cd0000, 0x297d0000)
  eden space 8512K,   0% used [0x24280000, 0x24280000, 0x24ad0000)
  from space 1024K,  99% used [0x24bd0000, 0x24ccfff8, 0x24cd0000)
  to   space 1024K,   0% used [0x24ad0000, 0x24ad0000, 0x24bd0000)
 tenured generation   total 21000K, used 12776K [0x297d0000, 0x2ac52000, 0x34280000)
   the space 21000K,  60% used [0x297d0000, 0x2a44a1e0, 0x2a44a200, 0x2ac52000)
 compacting perm gen  total 12288K, used 567K [0x34280000, 0x34e80000, 0x38280000)
   the space 12288K,   4% used [0x34280000, 0x3430df60, 0x3430e000, 0x34e80000)
    ro space 10240K,  45% used [0x38280000, 0x387073d8, 0x38707400, 0x38c80000)
    rw space 12288K,  54% used [0x38c80000, 0x3930acc8, 0x3930ae00, 0x39880000)
}
Event: 0.389 GC heap before
{Heap before GC invocations=4 (full 1):
 def new generation   total 9536K, used 9535K [0x24280000, 0x24cd0000, 0x297d0000)
  eden space 8512K, 100% used [0x24280000, 0x24ad0000, 0x24ad0000)
  from space 1024K,  99% used [0x24bd0000, 0x24ccfff8, 0x24cd0000)
  to   space 1024K,   0% used [0x24ad0000, 0x24ad0000, 0x24bd0000)
 tenured generation   total 21000K, used 12776K [0x297d0000, 0x2ac52000, 0x34280000)
   the space 21000K,  60% used [0x297d0000, 0x2a44a1e0, 0x2a44a200, 0x2ac52000)
 compacting perm gen  total 12288K, used 567K [0x34280000, 0x34e80000, 0x38280000)
   the space 12288K,   4% used [0x34280000, 0x3430df60, 0x3430e000, 0x34e80000)
    ro space 10240K,  45% used [0x38280000, 0x387073d8, 0x38707400, 0x38c80000)
    rw space 12288K,  54% used [0x38c80000, 0x3930acc8, 0x3930ae00, 0x39880000)
Event: 0.395 GC heap after
Heap after GC invocations=5 (full 1):
 def new generation   total 9536K, used 1024K [0x24280000, 0x24cd0000, 0x297d0000)
  eden space 8512K,   0% used [0x24280000, 0x24280000, 0x24ad0000)
  from space 1024K, 100% used [0x24ad0000, 0x24bd0000, 0x24bd0000)
  to   space 1024K,   0% used [0x24bd0000, 0x24bd0000, 0x24cd0000)
 tenured generation   total 21000K, used 17484K [0x297d0000, 0x2ac52000, 0x34280000)
   the space 21000K,  83% used [0x297d0000, 0x2a8e33f8, 0x2a8e3400, 0x2ac52000)
 compacting perm gen  total 12288K, used 567K [0x34280000, 0x34e80000, 0x38280000)
   the space 12288K,   4% used [0x34280000, 0x3430df60, 0x3430e000, 0x34e80000)
    ro space 10240K,  45% used [0x38280000, 0x387073d8, 0x38707400, 0x38c80000)
    rw space 12288K,  54% used [0x38c80000, 0x3930acc8, 0x3930ae00, 0x39880000)
}
Event: 0.561 GC heap before
{Heap before GC invocations=5 (full 1):
 def new generation   total 9536K, used 9503K [0x24280000, 0x24cd0000, 0x297d0000)
  eden space 8512K,  99% used [0x24280000, 0x24ac7d10, 0x24ad0000)
  from space 1024K, 100% used [0x24ad0000, 0x24bd0000, 0x24bd0000)
  to   space 1024K,   0% used [0x24bd0000, 0x24bd0000, 0x24cd0000)
 tenured generation   total 21000K, used 17484K [0x297d0000, 0x2ac52000, 0x34280000)
   the space 21000K,  83% used [0x297d0000, 0x2a8e33f8, 0x2a8e3400, 0x2ac52000)
 compacting perm gen  total 12288K, used 567K [0x34280000, 0x34e80000, 0x38280000)
   the space 12288K,   4% used [0x34280000, 0x3430dfb0, 0x3430e000, 0x34e80000)
    ro space 10240K,  45% used [0x38280000, 0x387073d8, 0x38707400, 0x38c80000)
    rw space 12288K,  54% used [0x38c80000, 0x3930acc8, 0x3930ae00, 0x39880000)
Event: 0.579 GC heap after
Heap after GC invocations=6 (full 2):
 def new generation   total 16256K, used 968K [0x24280000, 0x25420000, 0x297d0000)
  eden space 14464K,   6% used [0x24280000, 0x243723a8, 0x250a0000)
  from space 1792K,   0% used [0x250a0000, 0x250a0000, 0x25260000)
  to   space 1792K,   0% used [0x25260000, 0x25260000, 0x25420000)
 tenured generation   total 36020K, used 21611K [0x297d0000, 0x2bafd000, 0x34280000)
   the space 36020K,  59% used [0x297d0000, 0x2aceafa0, 0x2aceb000, 0x2bafd000)
 compacting perm gen  total 12288K, used 567K [0x34280000, 0x34e80000, 0x38280000)
   the space 12288K,   4% used [0x34280000, 0x3430dfb0, 0x3430e000, 0x34e80000)
    ro space 10240K,  45% used [0x38280000, 0x387073d8, 0x38707400, 0x38c80000)
    rw space 12288K,  54% used [0x38c80000, 0x3930acc8, 0x3930ae00, 0x39880000)
}

